2024.05.24 10:10:00 INFO  Started: Metals version 1.3.1 in folders 'C:\Users\tbali\Documents\ECOLE\Scala\projects\1-particles' for client Visual Studio Code 1.89.1.
SLF4J(W): Class path contains multiple SLF4J providers.
SLF4J(W): Found provider [scribe.slf4j.ScribeServiceProvider@2362ac8e]
SLF4J(W): Found provider [ch.qos.logback.classic.spi.LogbackServiceProvider@3f9a15aa]
SLF4J(W): See https://www.slf4j.org/codes.html#multiple_bindings for an explanation.
SLF4J(I): Actual provider is of type [scribe.slf4j.ScribeServiceProvider@2362ac8e]
2024.05.24 10:10:00 WARN  Flyway upgrade recommended: H2 2.2.224 is newer than this version of Flyway and support has not been tested. The latest supported version of H2 is 2.2.220.
2024.05.24 10:10:01 INFO  Attempting to connect to the build server...
2024.05.24 10:10:01 INFO  tracing is disabled for protocol BSP, to enable tracing of incoming and outgoing JSON messages create an empty file at C:\Users\tbali\Documents\ECOLE\Scala\projects\1-particles\.metals\bsp.trace.json or C:\Users\tbali\AppData\Local\scalameta\metals\cache\bsp.trace.json
2024.05.24 10:10:01 INFO  time: Connected to build server in 0.93s
2024.05.24 10:10:01 INFO  Connected to Build server: Bloop v1.5.17
2024.05.24 10:10:02 INFO  time: Imported build in 0.12s
mai 24, 2024 10:10:05 AM org.eclipse.lsp4j.jsonrpc.RemoteEndpoint handleCancellation
WARNING: Unmatched cancel notification for request id 2
mai 24, 2024 10:10:09 AM org.eclipse.lsp4j.jsonrpc.RemoteEndpoint handleCancellation
WARNING: Unmatched cancel notification for request id 11
2024.05.24 10:10:12 INFO  time: indexed workspace in 10s
2024.05.24 10:10:13 INFO  compiling root-1-particles (3 scala sources)
2024.05.24 10:10:13 WARN  Invalid text document uri received from build server: file:///C:/Users/tbali/Documents/ECOLE/Scala/projects/1-particles/src/main/scala/app/Particle.scala
2024.05.24 10:10:13 INFO  time: compiled root-1-particles in 0.3s
2024.05.24 10:10:13 INFO  compiling root-1-particles (3 scala sources)
2024.05.24 10:10:13 INFO  time: compiled root-1-particles in 0.17s
2024.05.24 10:10:13 WARN  Could not load snapshot text for C:\Users\tbali\Documents\ECOLE\Scala\projects\1-particles\src\main\scala\particlesimulation\Direction.scala
2024.05.24 10:10:13 WARN  Could not load snapshot text for C:\Users\tbali\Documents\ECOLE\Scala\projects\1-particles\src\main\scala\particlesimulation\Direction.scala
2024.05.24 10:10:13 WARN  Could not load snapshot text for C:\Users\tbali\Documents\ECOLE\Scala\projects\1-particles\src\main\scala\particlesimulation\Direction.scala
2024.05.24 10:10:13 WARN  Could not load snapshot text for C:\Users\tbali\Documents\ECOLE\Scala\projects\1-particles\src\main\scala\particlesimulation\Direction.scala
2024.05.24 10:10:13 WARN  Could not load snapshot text for C:\Users\tbali\Documents\ECOLE\Scala\projects\1-particles\src\main\scala\particlesimulation\Direction.scala
2024.05.24 11:27:14 WARN  Could not load snapshot text for C:\Users\tbali\Documents\ECOLE\Scala\projects\1-particles\src\main\scala\particlesimulation\Direction.scala
2024.05.24 11:27:16 INFO  Shutting down server
2024.05.24 11:27:16 INFO  shutting down Metals
mai 24, 2024 11:27:16 AM org.eclipse.lsp4j.jsonrpc.RemoteEndpoint notify
INFO: Failed to send notification message.
org.eclipse.lsp4j.jsonrpc.JsonRpcException: java.nio.channels.ClosedChannelException
	at org.eclipse.lsp4j.jsonrpc.json.StreamMessageConsumer.consume(StreamMessageConsumer.java:72)
	at scala.meta.internal.metals.RequestMonitorImpl$$anon$1.consume(ServerLivenessMonitor.scala:41)
	at org.eclipse.lsp4j.jsonrpc.RemoteEndpoint.notify(RemoteEndpoint.java:126)
	at org.eclipse.lsp4j.jsonrpc.services.EndpointProxy.invoke(EndpointProxy.java:88)
	at jdk.proxy2/jdk.proxy2.$Proxy11.onBuildExit(Unknown Source)
	at scala.meta.internal.metals.BuildServerConnection.$anonfun$shutdown$1(BuildServerConnection.scala:175)
	at scala.meta.internal.metals.BuildServerConnection.$anonfun$shutdown$1$adapted(BuildServerConnection.scala:171)
	at scala.concurrent.impl.Promise$Transformation.run(Promise.scala:467)
	at java.base/java.util.concurrent.ThreadPoolExecutor.runWorker(ThreadPoolExecutor.java:1136)
	at java.base/java.util.concurrent.ThreadPoolExecutor$Worker.run(ThreadPoolExecutor.java:635)
	at java.base/java.lang.Thread.run(Thread.java:833)
Caused by: java.nio.channels.ClosedChannelException
	at java.base/sun.nio.ch.SocketChannelImpl.ensureOpenAndConnected(SocketChannelImpl.java:215)
	at java.base/sun.nio.ch.SocketChannelImpl.write(SocketChannelImpl.java:527)
	at java.base/sun.nio.ch.SinkChannelImpl.write(SinkChannelImpl.java:123)
	at java.base/java.nio.channels.Channels.writeFullyImpl(Channels.java:74)
	at java.base/java.nio.channels.Channels.writeFully(Channels.java:93)
	at java.base/java.nio.channels.Channels$1.write(Channels.java:171)
	at java.base/java.io.OutputStream.write(OutputStream.java:127)
	at java.base/java.nio.channels.Channels$1.write(Channels.java:151)
	at scala.meta.internal.metals.ClosableOutputStream.write(ClosableOutputStream.scala:26)
	at java.base/java.io.FilterOutputStream.write(FilterOutputStream.java:137)
	at java.base/java.io.FilterOutputStream.write(FilterOutputStream.java:108)
	at org.eclipse.lsp4j.jsonrpc.json.StreamMessageConsumer.consume(StreamMessageConsumer.java:67)
	... 10 more

2024.05.24 11:27:16 INFO  Shut down connection with build server.
2024.05.24 11:27:16 INFO  Exiting server
2024.05.24 12:21:15 INFO  Started: Metals version 1.3.1 in folders 'C:\Users\tbali\Documents\ECOLE\Scala\projects\1-particles' for client Visual Studio Code 1.89.1.
SLF4J(W): Class path contains multiple SLF4J providers.
SLF4J(W): Found provider [scribe.slf4j.ScribeServiceProvider@674b43d1]
SLF4J(W): Found provider [ch.qos.logback.classic.spi.LogbackServiceProvider@5b6c20c5]
SLF4J(W): See https://www.slf4j.org/codes.html#multiple_bindings for an explanation.
SLF4J(I): Actual provider is of type [scribe.slf4j.ScribeServiceProvider@674b43d1]
2024.05.24 12:21:15 WARN  Flyway upgrade recommended: H2 2.2.224 is newer than this version of Flyway and support has not been tested. The latest supported version of H2 is 2.2.220.
2024.05.24 12:21:16 INFO  Attempting to connect to the build server...
2024.05.24 12:21:18 INFO  no build target found for C:\Users\tbali\Documents\ECOLE\Scala\projects\1-particles\src\main\scala\particlesimulation\ParticleSimulation.scala. Using presentation compiler with project's scala-library version: 3.3.3
mai 24, 2024 12:21:18 PM org.eclipse.lsp4j.jsonrpc.RemoteEndpoint handleCancellation
WARNING: Unmatched cancel notification for request id 2
mai 24, 2024 12:21:19 PM org.eclipse.lsp4j.jsonrpc.RemoteEndpoint handleCancellation
WARNING: Unmatched cancel notification for request id 10
mai 24, 2024 12:21:19 PM org.eclipse.lsp4j.jsonrpc.RemoteEndpoint handleCancellation
WARNING: Unmatched cancel notification for request id 11
2024.05.24 12:21:23 INFO  tracing is disabled for protocol BSP, to enable tracing of incoming and outgoing JSON messages create an empty file at C:\Users\tbali\Documents\ECOLE\Scala\projects\1-particles\.metals\bsp.trace.json or C:\Users\tbali\AppData\Local\scalameta\metals\cache\bsp.trace.json
2024.05.24 12:21:23 INFO  time: Connected to build server in 7.7s
2024.05.24 12:21:23 INFO  Connected to Build server: Bloop v1.5.17
2024.05.24 12:21:23 INFO  time: Imported build in 0.12s
2024.05.24 12:21:37 INFO  time: indexed workspace in 13s
2024.05.24 12:21:38 INFO  compiling root-1-particles (3 scala sources)
2024.05.24 12:21:39 WARN  Invalid text document uri received from build server: file:///C:/Users/tbali/Documents/ECOLE/Scala/projects/1-particles/src/main/scala/app/Particle.scala
2024.05.24 12:21:39 INFO  time: compiled root-1-particles in 1.25s
2024.05.24 12:21:39 INFO  compiling root-1-particles (3 scala sources)
2024.05.24 12:21:39 INFO  time: compiled root-1-particles in 0.14s
2024.05.24 12:21:39 WARN  Could not load snapshot text for C:\Users\tbali\Documents\ECOLE\Scala\projects\1-particles\src\main\scala\particlesimulation\ParticleSimulation.scala
2024.05.24 12:21:39 WARN  Could not load snapshot text for C:\Users\tbali\Documents\ECOLE\Scala\projects\1-particles\src\main\scala\particlesimulation\ParticleSimulation.scala
2024.05.24 12:21:39 WARN  Could not load snapshot text for C:\Users\tbali\Documents\ECOLE\Scala\projects\1-particles\src\main\scala\particlesimulation\ParticleSimulation.scala
2024.05.24 12:21:39 WARN  Could not load snapshot text for C:\Users\tbali\Documents\ECOLE\Scala\projects\1-particles\src\main\scala\particlesimulation\ParticleSimulation.scala
2024.05.24 12:21:39 WARN  Could not load snapshot text for C:\Users\tbali\Documents\ECOLE\Scala\projects\1-particles\src\main\scala\particlesimulation\ParticleSimulation.scala
2024.05.24 12:21:39 WARN  Could not load snapshot text for C:\Users\tbali\Documents\ECOLE\Scala\projects\1-particles\src\main\scala\particlesimulation\ParticleSimulation.scala
2024.05.24 12:22:24 WARN  Could not load snapshot text for C:\Users\tbali\Documents\ECOLE\Scala\projects\1-particles\src\main\scala\particlesimulation\ParticleSimulation.scala
2024.05.24 12:57:32 INFO  Shutting down server
2024.05.24 12:57:32 INFO  shutting down Metals
2024.05.24 12:57:32 INFO  Shut down connection with build server.
2024.05.24 12:57:32 INFO  Exiting server
2024.05.24 14:00:32 INFO  Started: Metals version 1.3.1 in folders 'C:\Users\tbali\Documents\ECOLE\Scala\projects\1-particles' for client Visual Studio Code 1.89.1.
SLF4J(W): Class path contains multiple SLF4J providers.
SLF4J(W): Found provider [scribe.slf4j.ScribeServiceProvider@b6cfc20]
SLF4J(W): Found provider [ch.qos.logback.classic.spi.LogbackServiceProvider@4ea32fc2]
SLF4J(W): See https://www.slf4j.org/codes.html#multiple_bindings for an explanation.
SLF4J(I): Actual provider is of type [scribe.slf4j.ScribeServiceProvider@b6cfc20]
2024.05.24 14:00:32 WARN  Flyway upgrade recommended: H2 2.2.224 is newer than this version of Flyway and support has not been tested. The latest supported version of H2 is 2.2.220.
2024.05.24 14:00:34 INFO  Attempting to connect to the build server...
2024.05.24 14:00:35 INFO  no build target found for C:\Users\tbali\Documents\ECOLE\Scala\projects\1-particles\src\main\scala\particlesimulation\ParticleSimulation.scala. Using presentation compiler with project's scala-library version: 3.3.3
2024.05.24 14:00:35 INFO  no build target found for C:\Users\tbali\Documents\ECOLE\Scala\projects\1-particles\src\main\scala\particlesimulation\ParticleSimulation.scala. Using presentation compiler with project's scala-library version: 3.3.3
2024.05.24 14:00:37 INFO  no build target found for C:\Users\tbali\Documents\ECOLE\Scala\projects\1-particles\src\main\scala\particlesimulation\ParticleSimulation.scala. Using presentation compiler with project's scala-library version: 3.3.3
mai 24, 2024 2:00:37 PM org.eclipse.lsp4j.jsonrpc.RemoteEndpoint handleCancellation
WARNING: Unmatched cancel notification for request id 14
2024.05.24 14:00:41 INFO  tracing is disabled for protocol BSP, to enable tracing of incoming and outgoing JSON messages create an empty file at C:\Users\tbali\Documents\ECOLE\Scala\projects\1-particles\.metals\bsp.trace.json or C:\Users\tbali\AppData\Local\scalameta\metals\cache\bsp.trace.json
2024.05.24 14:00:41 INFO  time: Connected to build server in 7.15s
2024.05.24 14:00:41 INFO  Connected to Build server: Bloop v1.5.17
2024.05.24 14:00:41 INFO  time: Imported build in 0.3s
2024.05.24 14:01:09 INFO  time: indexed workspace in 27s
2024.05.24 14:10:03 INFO  tracing is disabled for protocol BSP, to enable tracing of incoming and outgoing JSON messages create an empty file at C:\Users\tbali\Documents\ECOLE\Scala\projects\1-particles\.metals\bsp.trace.json or C:\Users\tbali\AppData\Local\scalameta\metals\cache\bsp.trace.json
2024.05.24 14:10:03 INFO  Connected to Build server: Bloop v1.5.17
2024.05.24 14:10:17 INFO  time: indexed workspace in 14s
2024.05.24 17:10:56 INFO  tracing is disabled for protocol BSP, to enable tracing of incoming and outgoing JSON messages create an empty file at C:\Users\tbali\Documents\ECOLE\Scala\projects\1-particles\.metals\bsp.trace.json or C:\Users\tbali\AppData\Local\scalameta\metals\cache\bsp.trace.json
2024.05.24 17:10:56 INFO  Connected to Build server: Bloop v1.5.17
2024.05.24 17:10:57 INFO  Shutting down server
2024.05.24 17:10:57 INFO  shutting down Metals
2024.05.24 17:10:56 INFO  Shut down connection with build server.
mai 24, 2024 5:10:57 PM org.eclipse.lsp4j.jsonrpc.RemoteEndpoint notify
INFO: Failed to send notification message.
org.eclipse.lsp4j.jsonrpc.JsonRpcException: java.nio.channels.ClosedChannelException
	at org.eclipse.lsp4j.jsonrpc.json.StreamMessageConsumer.consume(StreamMessageConsumer.java:72)
	at scala.meta.internal.metals.RequestMonitorImpl$$anon$1.consume(ServerLivenessMonitor.scala:41)
	at org.eclipse.lsp4j.jsonrpc.RemoteEndpoint.notify(RemoteEndpoint.java:126)
	at org.eclipse.lsp4j.jsonrpc.RemoteEndpoint.sendCancelNotification(RemoteEndpoint.java:180)
	at org.eclipse.lsp4j.jsonrpc.RemoteEndpoint$1.cancel(RemoteEndpoint.java:150)
	at scala.meta.internal.metals.utils.FutureWithTimeout$$anon$1.$anonfun$cancel$1(FutureWithTimeout.scala:37)
	at scala.runtime.java8.JFunction0$mcZ$sp.apply(JFunction0$mcZ$sp.scala:17)
	at scala.util.Try$.apply(Try.scala:217)
	at scala.meta.internal.metals.utils.FutureWithTimeout$$anon$1.cancel(FutureWithTimeout.scala:37)
	at scala.meta.internal.metals.Cancelable$.$anonfun$cancelAll$1(Cancelable.scala:29)
	at scala.collection.immutable.List.foreach(List.scala:334)
	at scala.meta.internal.metals.Cancelable$.cancelAll(Cancelable.scala:28)
	at scala.meta.internal.metals.MutableCancelable.cancel(MutableCancelable.scala:25)
	at scala.meta.internal.metals.utils.RequestRegistry.cancel(RequestRegistry.scala:94)
	at scala.meta.internal.metals.BuildServerConnection.cancel(BuildServerConnection.scala:447)
	at scala.meta.internal.metals.BuildServerConnection.$anonfun$shutdown$1(BuildServerConnection.scala:179)
	at scala.meta.internal.metals.BuildServerConnection.$anonfun$shutdown$1$adapted(BuildServerConnection.scala:171)
	at scala.concurrent.impl.Promise$Transformation.run(Promise.scala:467)
	at java.base/java.util.concurrent.ThreadPoolExecutor.runWorker(ThreadPoolExecutor.java:1136)
	at java.base/java.util.concurrent.ThreadPoolExecutor$Worker.run(ThreadPoolExecutor.java:635)
	at java.base/java.lang.Thread.run(Thread.java:833)
Caused by: java.nio.channels.ClosedChannelException
	at java.base/sun.nio.ch.SocketChannelImpl.ensureOpenAndConnected(SocketChannelImpl.java:215)
	at java.base/sun.nio.ch.SocketChannelImpl.write(SocketChannelImpl.java:527)
	at java.base/sun.nio.ch.SinkChannelImpl.write(SinkChannelImpl.java:123)
	at java.base/java.nio.channels.Channels.writeFullyImpl(Channels.java:74)
	at java.base/java.nio.channels.Channels.writeFully(Channels.java:93)
	at java.base/java.nio.channels.Channels$1.write(Channels.java:171)
	at java.base/java.io.OutputStream.write(OutputStream.java:127)
	at java.base/java.nio.channels.Channels$1.write(Channels.java:151)
	at scala.meta.internal.metals.ClosableOutputStream.write(ClosableOutputStream.scala:26)
	at java.base/java.io.FilterOutputStream.write(FilterOutputStream.java:137)
	at java.base/java.io.FilterOutputStream.write(FilterOutputStream.java:108)
	at org.eclipse.lsp4j.jsonrpc.json.StreamMessageConsumer.consume(StreamMessageConsumer.java:67)
	... 20 more

2024.05.24 17:10:56 INFO  Cancelling compilation on Bloop server
2024.05.24 17:10:57 INFO  Exiting server
