2024.05.24 09:28:16 INFO  Started: Metals version 1.3.1 in folders 'C:\Users\tbali\Documents\ECOLE\Scala\projects\2-wator' for client Visual Studio Code 1.89.1.
SLF4J(W): Class path contains multiple SLF4J providers.
SLF4J(W): Found provider [scribe.slf4j.ScribeServiceProvider@1fa59ad0]
SLF4J(W): Found provider [ch.qos.logback.classic.spi.LogbackServiceProvider@71836325]
SLF4J(W): See https://www.slf4j.org/codes.html#multiple_bindings for an explanation.
SLF4J(I): Actual provider is of type [scribe.slf4j.ScribeServiceProvider@1fa59ad0]
2024.05.24 09:28:16 WARN  Flyway upgrade recommended: H2 2.2.224 is newer than this version of Flyway and support has not been tested. The latest supported version of H2 is 2.2.220.
2024.05.24 09:28:21 INFO  running 'C:\Users\tbali\scoop\apps\openjdk17\current\bin\java.exe -Djline.terminal=jline.UnsupportedTerminal -Dsbt.log.noformat=true -Dfile.encoding=UTF-8 -Dsbt.version=1.9.9 -jar C:\Users\tbali\AppData\Local\Temp\metals1316303651809703182\sbt-launch.jar -Dbloop.export-jar-classifiers=sources bloopInstall'
2024.05.24 09:28:26 INFO  [info] Updated file C:\Users\tbali\Documents\ECOLE\Scala\projects\2-wator\project\build.properties: set sbt.version to 1.9.9
2024.05.24 09:28:26 INFO  [info] welcome to sbt 1.9.9 (Oracle Corporation Java 17.0.2)
2024.05.24 09:28:28 INFO  [info] loading settings for project root-2-wator-build-build from metals.sbt ...
2024.05.24 09:28:28 INFO  [info] loading project definition from C:\Users\tbali\Documents\ECOLE\Scala\projects\2-wator\project\project
2024.05.24 09:28:30 INFO  [info] loading settings for project root-2-wator-build from metals.sbt ...
2024.05.24 09:28:30 INFO  [info] loading project definition from C:\Users\tbali\Documents\ECOLE\Scala\projects\2-wator\project
2024.05.24 09:28:35 INFO  [success] Generated .bloop\root-2-wator-build.json
2024.05.24 09:28:35 INFO  [success] Total time: 5 s, completed 24 mai 2024, 09:28:35
2024.05.24 09:28:36 INFO  [info] loading settings for project root-2-wator from build.sbt ...
2024.05.24 09:28:36 INFO  [info] set current project to Wator Simulation (in build file:/C:/Users/tbali/Documents/ECOLE/Scala/projects/2-wator/)
2024.05.24 09:28:36 INFO  [success] Generated .bloop\root-2-wator-test.json
2024.05.24 09:28:36 INFO  [success] Generated .bloop\root-2-wator.json
2024.05.24 09:28:36 INFO  [success] Total time: 1 s, completed 24 mai 2024, 09:28:37
2024.05.24 09:28:37 INFO  time: ran 'sbt bloopInstall' in 15s
2024.05.24 09:28:37 INFO  Attempting to connect to the build server...
2024.05.24 09:28:42 INFO  tracing is disabled for protocol BSP, to enable tracing of incoming and outgoing JSON messages create an empty file at C:\Users\tbali\Documents\ECOLE\Scala\projects\2-wator\.metals\bsp.trace.json or C:\Users\tbali\AppData\Local\scalameta\metals\cache\bsp.trace.json
2024.05.24 09:28:42 INFO  Attempting to connect to the build server...
2024.05.24 09:28:42 INFO  tracing is disabled for protocol BSP, to enable tracing of incoming and outgoing JSON messages create an empty file at C:\Users\tbali\Documents\ECOLE\Scala\projects\2-wator\project\.metals\bsp.trace.json or C:\Users\tbali\AppData\Local\scalameta\metals\cache\bsp.trace.json
2024.05.24 09:28:42 INFO  time: Connected to build server in 5.25s
2024.05.24 09:28:42 INFO  Connected to Build server: Bloop v1.5.17
2024.05.24 09:28:43 INFO  time: Imported build in 0.15s
2024.05.24 09:28:55 INFO  time: indexed workspace in 12s
2024.05.24 09:34:30 INFO  Shutting down server
2024.05.24 09:34:30 INFO  shutting down Metals
2024.05.24 09:34:30 INFO  Shut down connection with build server.
2024.05.24 09:34:30 INFO  Shut down connection with build server.
2024.05.24 09:34:30 INFO  Exiting server
